{"uid":"33d12cefd3e6e3e7","name":"testAddSystemUser","fullName":"auto01.uitests2.AddSystemUserTest.testAddSystemUser","historyId":"a44c47c040d24fe26b4777c2b30e920a","time":{"start":1771697245792,"stop":1771697248062,"duration":2270},"status":"broken","statusMessage":"Object doesn't exist: request@d6e4a4bafc4312aec77dff6ac1638262","statusTrace":"com.microsoft.playwright.PlaywrightException: Object doesn't exist: request@d6e4a4bafc4312aec77dff6ac1638262\n\tat com.microsoft.playwright.impl.Connection.getExistingObject(Connection.java:195)\n\tat com.microsoft.playwright.impl.BrowserContextImpl.handleEvent(BrowserContextImpl.java:743)\n\tat com.microsoft.playwright.impl.Connection.dispatch(Connection.java:295)\n\tat com.microsoft.playwright.impl.Connection.processOneMessage(Connection.java:214)\n\tat com.microsoft.playwright.impl.ChannelOwner.runUntil(ChannelOwner.java:136)\n\tat com.microsoft.playwright.impl.Connection.sendMessage(Connection.java:131)\n\tat com.microsoft.playwright.impl.ChannelOwner.sendMessage(ChannelOwner.java:124)\n\tat com.microsoft.playwright.impl.FrameImpl.fill(FrameImpl.java:310)\n\tat com.microsoft.playwright.impl.LocatorImpl.fill(LocatorImpl.java:265)\n\tat com.microsoft.playwright.Locator.fill(Locator.java:3164)\n\tat auto01.pages.LoginPage.HRMLogin(LoginPage.java:62)\n\tat auto01.uitests2.AddSystemUserTest.loginWithParam(AddSystemUserTest.java:57)\n\tat auto01.uitests2.AddSystemUserTest.testAddSystemUser(AddSystemUserTest.java:40)\n\tat java.base/jdk.internal.reflect.DirectMethodHandleAccessor.invoke(DirectMethodHandleAccessor.java:103)\n\tat java.base/java.lang.reflect.Method.invoke(Method.java:580)\n\tat org.testng.internal.invokers.MethodInvocationHelper.invokeMethod(MethodInvocationHelper.java:141)\n\tat org.testng.internal.invokers.TestInvoker.invokeMethod(TestInvoker.java:686)\n\tat org.testng.internal.invokers.TestInvoker.invokeTestMethod(TestInvoker.java:230)\n\tat org.testng.internal.invokers.MethodRunner.runInSequence(MethodRunner.java:63)\n\tat org.testng.internal.invokers.TestInvoker$MethodInvocationAgent.invoke(TestInvoker.java:992)\n\tat org.testng.internal.invokers.TestInvoker.invokeTestMethods(TestInvoker.java:203)\n\tat org.testng.internal.invokers.TestMethodWorker.invokeTestMethods(TestMethodWorker.java:154)\n\tat org.testng.internal.invokers.TestMethodWorker.run(TestMethodWorker.java:134)\n\tat java.base/java.util.concurrent.Executors$RunnableAdapter.call(Executors.java:572)\n\tat java.base/java.util.concurrent.FutureTask.run(FutureTask.java:317)\n\tat org.testng.internal.thread.graph.TestNGFutureTask.run(TestNGFutureTask.java:22)\n\tat java.base/java.util.concurrent.ThreadPoolExecutor.runWorker(ThreadPoolExecutor.java:1144)\n\tat java.base/java.util.concurrent.ThreadPoolExecutor$Worker.run(ThreadPoolExecutor.java:642)\n\tat java.base/java.lang.Thread.run(Thread.java:1583)\n","flaky":false,"newFailed":false,"newBroken":false,"newPassed":false,"retriesCount":0,"retriesStatusChange":false,"beforeStages":[{"name":"setUp","time":{"start":1771697240879,"stop":1771697243250,"duration":2371},"description":"","status":"passed","steps":[],"attachments":[],"parameters":[],"stepsCount":0,"shouldDisplayMessage":false,"attachmentsCount":0,"hasContent":false,"attachmentStep":false},{"name":"setUp","time":{"start":1771697243251,"stop":1771697244522,"duration":1271},"description":"","status":"passed","steps":[],"attachments":[],"parameters":[],"stepsCount":0,"shouldDisplayMessage":false,"attachmentsCount":0,"hasContent":false,"attachmentStep":false},{"name":"setUp","time":{"start":1771697244523,"stop":1771697245702,"duration":1179},"description":"","status":"passed","steps":[],"attachments":[],"parameters":[],"stepsCount":0,"shouldDisplayMessage":false,"attachmentsCount":0,"hasContent":false,"attachmentStep":false}],"testStage":{"status":"broken","statusMessage":"Object doesn't exist: request@d6e4a4bafc4312aec77dff6ac1638262","statusTrace":"com.microsoft.playwright.PlaywrightException: Object doesn't exist: request@d6e4a4bafc4312aec77dff6ac1638262\n\tat com.microsoft.playwright.impl.Connection.getExistingObject(Connection.java:195)\n\tat com.microsoft.playwright.impl.BrowserContextImpl.handleEvent(BrowserContextImpl.java:743)\n\tat com.microsoft.playwright.impl.Connection.dispatch(Connection.java:295)\n\tat com.microsoft.playwright.impl.Connection.processOneMessage(Connection.java:214)\n\tat com.microsoft.playwright.impl.ChannelOwner.runUntil(ChannelOwner.java:136)\n\tat com.microsoft.playwright.impl.Connection.sendMessage(Connection.java:131)\n\tat com.microsoft.playwright.impl.ChannelOwner.sendMessage(ChannelOwner.java:124)\n\tat com.microsoft.playwright.impl.FrameImpl.fill(FrameImpl.java:310)\n\tat com.microsoft.playwright.impl.LocatorImpl.fill(LocatorImpl.java:265)\n\tat com.microsoft.playwright.Locator.fill(Locator.java:3164)\n\tat auto01.pages.LoginPage.HRMLogin(LoginPage.java:62)\n\tat auto01.uitests2.AddSystemUserTest.loginWithParam(AddSystemUserTest.java:57)\n\tat auto01.uitests2.AddSystemUserTest.testAddSystemUser(AddSystemUserTest.java:40)\n\tat java.base/jdk.internal.reflect.DirectMethodHandleAccessor.invoke(DirectMethodHandleAccessor.java:103)\n\tat java.base/java.lang.reflect.Method.invoke(Method.java:580)\n\tat org.testng.internal.invokers.MethodInvocationHelper.invokeMethod(MethodInvocationHelper.java:141)\n\tat org.testng.internal.invokers.TestInvoker.invokeMethod(TestInvoker.java:686)\n\tat org.testng.internal.invokers.TestInvoker.invokeTestMethod(TestInvoker.java:230)\n\tat org.testng.internal.invokers.MethodRunner.runInSequence(MethodRunner.java:63)\n\tat org.testng.internal.invokers.TestInvoker$MethodInvocationAgent.invoke(TestInvoker.java:992)\n\tat org.testng.internal.invokers.TestInvoker.invokeTestMethods(TestInvoker.java:203)\n\tat org.testng.internal.invokers.TestMethodWorker.invokeTestMethods(TestMethodWorker.java:154)\n\tat org.testng.internal.invokers.TestMethodWorker.run(TestMethodWorker.java:134)\n\tat java.base/java.util.concurrent.Executors$RunnableAdapter.call(Executors.java:572)\n\tat java.base/java.util.concurrent.FutureTask.run(FutureTask.java:317)\n\tat org.testng.internal.thread.graph.TestNGFutureTask.run(TestNGFutureTask.java:22)\n\tat java.base/java.util.concurrent.ThreadPoolExecutor.runWorker(ThreadPoolExecutor.java:1144)\n\tat java.base/java.util.concurrent.ThreadPoolExecutor$Worker.run(ThreadPoolExecutor.java:642)\n\tat java.base/java.lang.Thread.run(Thread.java:1583)\n","steps":[{"name":"Performing login with username: [{username}] and password","time":{"start":1771697246013,"stop":1771697248061,"duration":2048},"status":"broken","statusMessage":"Object doesn't exist: request@d6e4a4bafc4312aec77dff6ac1638262","statusTrace":"com.microsoft.playwright.PlaywrightException: Object doesn't exist: request@d6e4a4bafc4312aec77dff6ac1638262\n\tat com.microsoft.playwright.impl.Connection.getExistingObject(Connection.java:195)\n\tat com.microsoft.playwright.impl.BrowserContextImpl.handleEvent(BrowserContextImpl.java:743)\n\tat com.microsoft.playwright.impl.Connection.dispatch(Connection.java:295)\n\tat com.microsoft.playwright.impl.Connection.processOneMessage(Connection.java:214)\n\tat com.microsoft.playwright.impl.ChannelOwner.runUntil(ChannelOwner.java:136)\n\tat com.microsoft.playwright.impl.Connection.sendMessage(Connection.java:131)\n\tat com.microsoft.playwright.impl.ChannelOwner.sendMessage(ChannelOwner.java:124)\n\tat com.microsoft.playwright.impl.FrameImpl.fill(FrameImpl.java:310)\n\tat com.microsoft.playwright.impl.LocatorImpl.fill(LocatorImpl.java:265)\n\tat com.microsoft.playwright.Locator.fill(Locator.java:3164)\n\tat auto01.pages.LoginPage.HRMLogin(LoginPage.java:62)\n\tat auto01.uitests2.AddSystemUserTest.loginWithParam(AddSystemUserTest.java:57)\n\tat auto01.uitests2.AddSystemUserTest.testAddSystemUser(AddSystemUserTest.java:40)\n\tat java.base/jdk.internal.reflect.DirectMethodHandleAccessor.invoke(DirectMethodHandleAccessor.java:103)\n\tat java.base/java.lang.reflect.Method.invoke(Method.java:580)\n\tat org.testng.internal.invokers.MethodInvocationHelper.invokeMethod(MethodInvocationHelper.java:141)\n\tat org.testng.internal.invokers.TestInvoker.invokeMethod(TestInvoker.java:686)\n\tat org.testng.internal.invokers.TestInvoker.invokeTestMethod(TestInvoker.java:230)\n\tat org.testng.internal.invokers.MethodRunner.runInSequence(MethodRunner.java:63)\n\tat org.testng.internal.invokers.TestInvoker$MethodInvocationAgent.invoke(TestInvoker.java:992)\n\tat org.testng.internal.invokers.TestInvoker.invokeTestMethods(TestInvoker.java:203)\n\tat org.testng.internal.invokers.TestMethodWorker.invokeTestMethods(TestMethodWorker.java:154)\n\tat org.testng.internal.invokers.TestMethodWorker.run(TestMethodWorker.java:134)\n\tat java.base/java.util.concurrent.Executors$RunnableAdapter.call(Executors.java:572)\n\tat java.base/java.util.concurrent.FutureTask.run(FutureTask.java:317)\n\tat org.testng.internal.thread.graph.TestNGFutureTask.run(TestNGFutureTask.java:22)\n\tat java.base/java.util.concurrent.ThreadPoolExecutor.runWorker(ThreadPoolExecutor.java:1144)\n\tat java.base/java.util.concurrent.ThreadPoolExecutor$Worker.run(ThreadPoolExecutor.java:642)\n\tat java.base/java.lang.Thread.run(Thread.java:1583)\n","steps":[],"attachments":[],"parameters":[{"name":"username","value":"Admin"}],"stepsCount":0,"shouldDisplayMessage":true,"attachmentsCount":0,"hasContent":true,"attachmentStep":false}],"attachments":[],"parameters":[],"stepsCount":1,"shouldDisplayMessage":false,"attachmentsCount":0,"hasContent":true,"attachmentStep":false},"afterStages":[{"name":"tearDown","time":{"start":1771697307007,"stop":1771697307007,"duration":0},"description":"","status":"passed","steps":[],"attachments":[],"parameters":[],"stepsCount":0,"shouldDisplayMessage":false,"attachmentsCount":0,"hasContent":false,"attachmentStep":false},{"name":"tearDown","time":{"start":1771697307008,"stop":1771697308541,"duration":1533},"description":"","status":"passed","steps":[],"attachments":[],"parameters":[],"stepsCount":0,"shouldDisplayMessage":false,"attachmentsCount":0,"hasContent":false,"attachmentStep":false}],"labels":[{"name":"package","value":"auto01.uitests2.AddSystemUserTest"},{"name":"testClass","value":"auto01.uitests2.AddSystemUserTest"},{"name":"testMethod","value":"testAddSystemUser"},{"name":"parentSuite","value":"All Test Suite"},{"name":"suite","value":"Lazy Page Initialization Tests"},{"name":"subSuite","value":"auto01.uitests2.AddSystemUserTest"},{"name":"host","value":"runnervmwffz4"},{"name":"thread","value":"2685@runnervmwffz4.TestNG-test-Lazy Page Initialization Tests-2(34)"},{"name":"framework","value":"testng"},{"name":"language","value":"java"},{"name":"resultFormat","value":"allure2"}],"parameters":[],"links":[],"hidden":false,"retry":false,"extra":{"severity":"normal","retries":[],"categories":[{"name":"Test defects","matchedStatuses":[],"flaky":false}],"tags":[]},"source":"33d12cefd3e6e3e7.json","parameterValues":[]}