{"uid":"5fb60fe8b4d2a73c","name":"testMethod","fullName":"auto01.nonguitests.TestDDT01.testMethod","historyId":"517e628df56b7e84e01239326e7ecf4c","time":{"start":1771427073089,"stop":1771427073090,"duration":1},"status":"broken","statusMessage":"java.io.FileNotFoundException: null\\data1.xlsx (The system cannot find the path specified)","statusTrace":"java.lang.RuntimeException: java.io.FileNotFoundException: null\\data1.xlsx (The system cannot find the path specified)\r\n\tat org.testng.internal.invokers.MethodInvocationHelper.invokeMethodNoCheckedException(MethodInvocationHelper.java:58)\r\n\tat org.testng.internal.invokers.MethodInvocationHelper.invokeDataProvider(MethodInvocationHelper.java:159)\r\n\tat org.testng.internal.Parameters.handleParameters(Parameters.java:809)\r\n\tat org.testng.internal.Parameters.handleParameters(Parameters.java:734)\r\n\tat org.testng.internal.invokers.ParameterHandler.handleParameters(ParameterHandler.java:72)\r\n\tat org.testng.internal.invokers.ParameterHandler.createParameters(ParameterHandler.java:51)\r\n\tat org.testng.internal.invokers.TestInvoker$MethodInvocationAgent.invoke(TestInvoker.java:946)\r\n\tat org.testng.internal.invokers.TestInvoker.invokeTestMethods(TestInvoker.java:203)\r\n\tat org.testng.internal.invokers.TestMethodWorker.invokeTestMethods(TestMethodWorker.java:154)\r\n\tat org.testng.internal.invokers.TestMethodWorker.run(TestMethodWorker.java:134)\r\n\tat java.base/java.util.ArrayList.forEach(ArrayList.java:1596)\r\n\tat org.testng.TestRunner.privateRun(TestRunner.java:739)\r\n\tat org.testng.TestRunner.run(TestRunner.java:614)\r\n\tat org.testng.SuiteRunner.runTest(SuiteRunner.java:421)\r\n\tat org.testng.SuiteRunner.runSequentially(SuiteRunner.java:413)\r\n\tat org.testng.SuiteRunner.privateRun(SuiteRunner.java:373)\r\n\tat org.testng.SuiteRunner.run(SuiteRunner.java:312)\r\n\tat org.testng.SuiteRunnerWorker.runSuite(SuiteRunnerWorker.java:52)\r\n\tat org.testng.SuiteRunnerWorker.run(SuiteRunnerWorker.java:95)\r\n\tat org.testng.TestNG.runSuitesSequentially(TestNG.java:1274)\r\n\tat org.testng.TestNG.runSuitesLocally(TestNG.java:1208)\r\n\tat org.testng.TestNG.runSuites(TestNG.java:1112)\r\n\tat org.testng.TestNG.run(TestNG.java:1079)\r\n\tat com.intellij.rt.testng.IDEARemoteTestNG.run(IDEARemoteTestNG.java:65)\r\n\tat com.intellij.rt.testng.RemoteTestNGStarter.main(RemoteTestNGStarter.java:105)\r\nCaused by: java.io.FileNotFoundException: null\\data1.xlsx (The system cannot find the path specified)\r\n\tat java.base/java.io.FileInputStream.open0(Native Method)\r\n\tat java.base/java.io.FileInputStream.open(FileInputStream.java:213)\r\n\tat java.base/java.io.FileInputStream.<init>(FileInputStream.java:152)\r\n\tat java.base/java.io.FileInputStream.<init>(FileInputStream.java:106)\r\n\tat datamanipulator.ExcelUtil.getTestData(ExcelUtil.java:20)\r\n\tat datamanipulator.TestDataProvider.getTestData(TestDataProvider.java:24)\r\n\tat java.base/jdk.internal.reflect.DirectMethodHandleAccessor.invoke(DirectMethodHandleAccessor.java:103)\r\n\tat java.base/java.lang.reflect.Method.invoke(Method.java:580)\r\n\tat org.testng.internal.invokers.MethodInvocationHelper.invokeMethod(MethodInvocationHelper.java:141)\r\n\tat org.testng.internal.invokers.MethodInvocationHelper.invokeMethod(MethodInvocationHelper.java:86)\r\n\tat org.testng.internal.invokers.MethodInvocationHelper.invokeMethodNoCheckedException(MethodInvocationHelper.java:54)\r\n\t... 24 more\r\n","flaky":false,"newFailed":false,"newBroken":false,"newPassed":false,"retriesCount":3,"retriesStatusChange":false,"beforeStages":[],"afterStages":[],"labels":[{"name":"package","value":"auto01.nonguitests.TestDDT01"},{"name":"testClass","value":"auto01.nonguitests.TestDDT01"},{"name":"testMethod","value":"testMethod"},{"name":"parentSuite","value":"Default Suite"},{"name":"suite","value":"PlayDiInjectv3"},{"name":"subSuite","value":"auto01.nonguitests.TestDDT01"},{"name":"host","value":"DESKTOP-E82BV1F"},{"name":"thread","value":"19172@DESKTOP-E82BV1F.main(1)"},{"name":"framework","value":"testng"},{"name":"language","value":"java"},{"name":"resultFormat","value":"allure2"}],"parameters":[],"links":[],"hidden":false,"retry":false,"extra":{"severity":"normal","retries":[{"uid":"f225d22b66e4fccb","status":"broken","statusDetails":"java.io.FileNotFoundException: null\\data1.xlsx (The system cannot find the path specified)","time":{"start":1771426910922,"stop":1771426910924,"duration":2}},{"uid":"ce1a7a71ab7b4a19","status":"broken","statusDetails":"java.io.FileNotFoundException: null\\data1.xlsx (The system cannot find the path specified)","time":{"start":1771426756246,"stop":1771426756248,"duration":2}},{"uid":"ec2d2b33cc660d9","status":"broken","statusDetails":"java.io.FileNotFoundException: nulldata1.xlsx (The system cannot find the file specified)","time":{"start":1771425593776,"stop":1771425593777,"duration":1}}],"categories":[{"name":"Test defects","matchedStatuses":[],"flaky":false}],"tags":[]},"source":"5fb60fe8b4d2a73c.json","parameterValues":[]}